{"/home/anastasiya/dev/difference-calculator/src/index.js": {"path":"/home/anastasiya/dev/difference-calculator/src/index.js","statementMap":{"0":{"start":{"line":7,"column":21},"end":{"line":34,"column":1}},"1":{"start":{"line":8,"column":21},"end":{"line":8,"column":75}},"2":{"start":{"line":9,"column":2},"end":{"line":33,"column":5}},"3":{"start":{"line":10,"column":4},"end":{"line":24,"column":5}},"4":{"start":{"line":11,"column":6},"end":{"line":15,"column":7}},"5":{"start":{"line":12,"column":8},"end":{"line":14,"column":10}},"6":{"start":{"line":16,"column":6},"end":{"line":20,"column":7}},"7":{"start":{"line":17,"column":8},"end":{"line":19,"column":10}},"8":{"start":{"line":21,"column":6},"end":{"line":23,"column":8}},"9":{"start":{"line":25,"column":4},"end":{"line":29,"column":5}},"10":{"start":{"line":26,"column":6},"end":{"line":28,"column":8}},"11":{"start":{"line":30,"column":4},"end":{"line":32,"column":6}},"12":{"start":{"line":37,"column":20},"end":{"line":37,"column":60}},"13":{"start":{"line":38,"column":21},"end":{"line":38,"column":62}},"14":{"start":{"line":40,"column":20},"end":{"line":40,"column":86}},"15":{"start":{"line":41,"column":19},"end":{"line":41,"column":87}},"16":{"start":{"line":43,"column":14},"end":{"line":43,"column":47}},"17":{"start":{"line":44,"column":2},"end":{"line":44,"column":39}}},"fnMap":{"0":{"name":"(anonymous_0)","decl":{"start":{"line":7,"column":21},"end":{"line":7,"column":22}},"loc":{"start":{"line":7,"column":46},"end":{"line":34,"column":1}},"line":7},"1":{"name":"(anonymous_1)","decl":{"start":{"line":9,"column":24},"end":{"line":9,"column":25}},"loc":{"start":{"line":9,"column":33},"end":{"line":33,"column":3}},"line":9},"2":{"name":"(anonymous_2)","decl":{"start":{"line":36,"column":15},"end":{"line":36,"column":16}},"loc":{"start":{"line":36,"column":63},"end":{"line":45,"column":1}},"line":36}},"branchMap":{"0":{"loc":{"start":{"line":10,"column":4},"end":{"line":24,"column":5}},"type":"if","locations":[{"start":{"line":10,"column":4},"end":{"line":24,"column":5}},{"start":{"line":10,"column":4},"end":{"line":24,"column":5}}],"line":10},"1":{"loc":{"start":{"line":10,"column":8},"end":{"line":10,"column":53}},"type":"binary-expr","locations":[{"start":{"line":10,"column":8},"end":{"line":10,"column":29}},{"start":{"line":10,"column":33},"end":{"line":10,"column":53}}],"line":10},"2":{"loc":{"start":{"line":11,"column":6},"end":{"line":15,"column":7}},"type":"if","locations":[{"start":{"line":11,"column":6},"end":{"line":15,"column":7}},{"start":{"line":11,"column":6},"end":{"line":15,"column":7}}],"line":11},"3":{"loc":{"start":{"line":11,"column":10},"end":{"line":11,"column":77}},"type":"binary-expr","locations":[{"start":{"line":11,"column":10},"end":{"line":11,"column":42}},{"start":{"line":11,"column":46},"end":{"line":11,"column":77}}],"line":11},"4":{"loc":{"start":{"line":16,"column":6},"end":{"line":20,"column":7}},"type":"if","locations":[{"start":{"line":16,"column":6},"end":{"line":20,"column":7}},{"start":{"line":16,"column":6},"end":{"line":20,"column":7}}],"line":16},"5":{"loc":{"start":{"line":25,"column":4},"end":{"line":29,"column":5}},"type":"if","locations":[{"start":{"line":25,"column":4},"end":{"line":29,"column":5}},{"start":{"line":25,"column":4},"end":{"line":29,"column":5}}],"line":25},"6":{"loc":{"start":{"line":25,"column":8},"end":{"line":25,"column":54}},"type":"binary-expr","locations":[{"start":{"line":25,"column":8},"end":{"line":25,"column":29}},{"start":{"line":25,"column":33},"end":{"line":25,"column":54}}],"line":25},"7":{"loc":{"start":{"line":36,"column":43},"end":{"line":36,"column":58}},"type":"default-arg","locations":[{"start":{"line":36,"column":52},"end":{"line":36,"column":58}}],"line":36}},"s":{"0":1,"1":36,"2":36,"3":144,"4":81,"5":27,"6":54,"7":27,"8":27,"9":63,"10":18,"11":45,"12":9,"13":9,"14":9,"15":9,"16":9,"17":9},"f":{"0":36,"1":144,"2":9},"b":{"0":[81,63],"1":[144,99],"2":[27,54],"3":[81,36],"4":[27,27],"5":[18,45],"6":[63,18],"7":[0]},"_coverageSchema":"43e27e138ebf9cfc5966b082cf9a028302ed4184","hash":"481beee3b4f125bc8b6f2faaf76e09db93ecae57"}
,"/home/anastasiya/dev/difference-calculator/src/parsers.js": {"path":"/home/anastasiya/dev/difference-calculator/src/parsers.js","statementMap":{"0":{"start":{"line":4,"column":14},"end":{"line":8,"column":1}},"1":{"start":{"line":10,"column":33},"end":{"line":10,"column":52}}},"fnMap":{"0":{"name":"(anonymous_0)","decl":{"start":{"line":10,"column":15},"end":{"line":10,"column":16}},"loc":{"start":{"line":10,"column":33},"end":{"line":10,"column":52}},"line":10}},"branchMap":{},"s":{"0":1,"1":18},"f":{"0":18},"b":{},"_coverageSchema":"43e27e138ebf9cfc5966b082cf9a028302ed4184","hash":"06674e307cb087bd9c4f82108e225a295d31f22a"}
,"/home/anastasiya/dev/difference-calculator/src/formatters/index.js": {"path":"/home/anastasiya/dev/difference-calculator/src/formatters/index.js","statementMap":{},"fnMap":{},"branchMap":{},"s":{},"f":{},"b":{},"_coverageSchema":"43e27e138ebf9cfc5966b082cf9a028302ed4184","hash":"0edb86bd5176e547962b2ad4dc49e9f00bbbfe2a"}
,"/home/anastasiya/dev/difference-calculator/src/formatters/renderJson.js": {"path":"/home/anastasiya/dev/difference-calculator/src/formatters/renderJson.js","statementMap":{"0":{"start":{"line":3,"column":26},"end":{"line":15,"column":1}},"1":{"start":{"line":4,"column":2},"end":{"line":7,"column":3}},"2":{"start":{"line":5,"column":16},"end":{"line":5,"column":98}},"3":{"start":{"line":5,"column":66},"end":{"line":5,"column":91}},"4":{"start":{"line":6,"column":4},"end":{"line":6,"column":23}},"5":{"start":{"line":8,"column":2},"end":{"line":10,"column":3}},"6":{"start":{"line":9,"column":4},"end":{"line":9,"column":18}},"7":{"start":{"line":11,"column":2},"end":{"line":13,"column":3}},"8":{"start":{"line":12,"column":4},"end":{"line":12,"column":24}},"9":{"start":{"line":14,"column":2},"end":{"line":14,"column":15}},"10":{"start":{"line":17,"column":19},"end":{"line":40,"column":1}},"11":{"start":{"line":18,"column":15},"end":{"line":38,"column":3}},"12":{"start":{"line":19,"column":16},"end":{"line":36,"column":11}},"13":{"start":{"line":20,"column":6},"end":{"line":25,"column":7}},"14":{"start":{"line":21,"column":8},"end":{"line":23,"column":9}},"15":{"start":{"line":22,"column":10},"end":{"line":22,"column":105}},"16":{"start":{"line":24,"column":8},"end":{"line":24,"column":68}},"17":{"start":{"line":26,"column":6},"end":{"line":28,"column":7}},"18":{"start":{"line":27,"column":8},"end":{"line":27,"column":170}},"19":{"start":{"line":29,"column":6},"end":{"line":31,"column":7}},"20":{"start":{"line":30,"column":8},"end":{"line":30,"column":118}},"21":{"start":{"line":32,"column":6},"end":{"line":34,"column":7}},"22":{"start":{"line":33,"column":8},"end":{"line":33,"column":114}},"23":{"start":{"line":35,"column":6},"end":{"line":35,"column":17}},"24":{"start":{"line":37,"column":4},"end":{"line":37,"column":34}},"25":{"start":{"line":39,"column":2},"end":{"line":39,"column":26}}},"fnMap":{"0":{"name":"(anonymous_0)","decl":{"start":{"line":3,"column":26},"end":{"line":3,"column":27}},"loc":{"start":{"line":3,"column":37},"end":{"line":15,"column":1}},"line":3},"1":{"name":"(anonymous_1)","decl":{"start":{"line":5,"column":45},"end":{"line":5,"column":46}},"loc":{"start":{"line":5,"column":66},"end":{"line":5,"column":91}},"line":5},"2":{"name":"(anonymous_2)","decl":{"start":{"line":17,"column":19},"end":{"line":17,"column":20}},"loc":{"start":{"line":17,"column":28},"end":{"line":40,"column":1}},"line":17},"3":{"name":"(anonymous_3)","decl":{"start":{"line":18,"column":15},"end":{"line":18,"column":16}},"loc":{"start":{"line":18,"column":24},"end":{"line":38,"column":3}},"line":18},"4":{"name":"(anonymous_4)","decl":{"start":{"line":19,"column":27},"end":{"line":19,"column":28}},"loc":{"start":{"line":19,"column":43},"end":{"line":36,"column":5}},"line":19}},"branchMap":{"0":{"loc":{"start":{"line":4,"column":2},"end":{"line":7,"column":3}},"type":"if","locations":[{"start":{"line":4,"column":2},"end":{"line":7,"column":3}},{"start":{"line":4,"column":2},"end":{"line":7,"column":3}}],"line":4},"1":{"loc":{"start":{"line":8,"column":2},"end":{"line":10,"column":3}},"type":"if","locations":[{"start":{"line":8,"column":2},"end":{"line":10,"column":3}},{"start":{"line":8,"column":2},"end":{"line":10,"column":3}}],"line":8},"2":{"loc":{"start":{"line":11,"column":2},"end":{"line":13,"column":3}},"type":"if","locations":[{"start":{"line":11,"column":2},"end":{"line":13,"column":3}},{"start":{"line":11,"column":2},"end":{"line":13,"column":3}}],"line":11},"3":{"loc":{"start":{"line":20,"column":6},"end":{"line":25,"column":7}},"type":"if","locations":[{"start":{"line":20,"column":6},"end":{"line":25,"column":7}},{"start":{"line":20,"column":6},"end":{"line":25,"column":7}}],"line":20},"4":{"loc":{"start":{"line":21,"column":8},"end":{"line":23,"column":9}},"type":"if","locations":[{"start":{"line":21,"column":8},"end":{"line":23,"column":9}},{"start":{"line":21,"column":8},"end":{"line":23,"column":9}}],"line":21},"5":{"loc":{"start":{"line":26,"column":6},"end":{"line":28,"column":7}},"type":"if","locations":[{"start":{"line":26,"column":6},"end":{"line":28,"column":7}},{"start":{"line":26,"column":6},"end":{"line":28,"column":7}}],"line":26},"6":{"loc":{"start":{"line":29,"column":6},"end":{"line":31,"column":7}},"type":"if","locations":[{"start":{"line":29,"column":6},"end":{"line":31,"column":7}},{"start":{"line":29,"column":6},"end":{"line":31,"column":7}}],"line":29},"7":{"loc":{"start":{"line":32,"column":6},"end":{"line":34,"column":7}},"type":"if","locations":[{"start":{"line":32,"column":6},"end":{"line":34,"column":7}},{"start":{"line":32,"column":6},"end":{"line":34,"column":7}}],"line":32}},"s":{"0":1,"1":39,"2":15,"3":15,"4":15,"5":24,"6":3,"7":21,"8":15,"9":6,"10":1,"11":3,"12":12,"13":48,"14":18,"15":9,"16":9,"17":30,"18":9,"19":21,"20":6,"21":15,"22":15,"23":0,"24":12,"25":3},"f":{"0":39,"1":15,"2":3,"3":12,"4":48},"b":{"0":[15,24],"1":[3,21],"2":[15,6],"3":[18,30],"4":[9,9],"5":[9,21],"6":[6,15],"7":[15,0]},"_coverageSchema":"43e27e138ebf9cfc5966b082cf9a028302ed4184","hash":"e30221943be5dee1eec3d3f384ce43a2e03e9e67"}
,"/home/anastasiya/dev/difference-calculator/src/formatters/renderPlain.js": {"path":"/home/anastasiya/dev/difference-calculator/src/formatters/renderPlain.js","statementMap":{"0":{"start":{"line":3,"column":26},"end":{"line":17,"column":1}},"1":{"start":{"line":4,"column":2},"end":{"line":6,"column":3}},"2":{"start":{"line":5,"column":4},"end":{"line":5,"column":29}},"3":{"start":{"line":7,"column":2},"end":{"line":9,"column":3}},"4":{"start":{"line":8,"column":4},"end":{"line":8,"column":17}},"5":{"start":{"line":10,"column":2},"end":{"line":12,"column":3}},"6":{"start":{"line":11,"column":4},"end":{"line":11,"column":18}},"7":{"start":{"line":13,"column":2},"end":{"line":15,"column":3}},"8":{"start":{"line":14,"column":4},"end":{"line":14,"column":24}},"9":{"start":{"line":16,"column":2},"end":{"line":16,"column":15}},"10":{"start":{"line":20,"column":15},"end":{"line":37,"column":8}},"11":{"start":{"line":20,"column":32},"end":{"line":37,"column":8}},"12":{"start":{"line":21,"column":4},"end":{"line":26,"column":5}},"13":{"start":{"line":22,"column":6},"end":{"line":24,"column":7}},"14":{"start":{"line":23,"column":8},"end":{"line":23,"column":73}},"15":{"start":{"line":25,"column":6},"end":{"line":25,"column":17}},"16":{"start":{"line":27,"column":4},"end":{"line":29,"column":5}},"17":{"start":{"line":28,"column":6},"end":{"line":28,"column":156}},"18":{"start":{"line":30,"column":4},"end":{"line":32,"column":5}},"19":{"start":{"line":31,"column":6},"end":{"line":31,"column":68}},"20":{"start":{"line":33,"column":4},"end":{"line":35,"column":5}},"21":{"start":{"line":34,"column":6},"end":{"line":34,"column":117}},"22":{"start":{"line":36,"column":4},"end":{"line":36,"column":15}},"23":{"start":{"line":38,"column":2},"end":{"line":38,"column":23}}},"fnMap":{"0":{"name":"(anonymous_0)","decl":{"start":{"line":3,"column":26},"end":{"line":3,"column":27}},"loc":{"start":{"line":3,"column":37},"end":{"line":17,"column":1}},"line":3},"1":{"name":"(anonymous_1)","decl":{"start":{"line":19,"column":15},"end":{"line":19,"column":16}},"loc":{"start":{"line":19,"column":24},"end":{"line":39,"column":1}},"line":19},"2":{"name":"(anonymous_2)","decl":{"start":{"line":20,"column":15},"end":{"line":20,"column":16}},"loc":{"start":{"line":20,"column":32},"end":{"line":37,"column":8}},"line":20},"3":{"name":"(anonymous_3)","decl":{"start":{"line":20,"column":43},"end":{"line":20,"column":44}},"loc":{"start":{"line":20,"column":59},"end":{"line":37,"column":3}},"line":20}},"branchMap":{"0":{"loc":{"start":{"line":4,"column":2},"end":{"line":6,"column":3}},"type":"if","locations":[{"start":{"line":4,"column":2},"end":{"line":6,"column":3}},{"start":{"line":4,"column":2},"end":{"line":6,"column":3}}],"line":4},"1":{"loc":{"start":{"line":7,"column":2},"end":{"line":9,"column":3}},"type":"if","locations":[{"start":{"line":7,"column":2},"end":{"line":9,"column":3}},{"start":{"line":7,"column":2},"end":{"line":9,"column":3}}],"line":7},"2":{"loc":{"start":{"line":10,"column":2},"end":{"line":12,"column":3}},"type":"if","locations":[{"start":{"line":10,"column":2},"end":{"line":12,"column":3}},{"start":{"line":10,"column":2},"end":{"line":12,"column":3}}],"line":10},"3":{"loc":{"start":{"line":13,"column":2},"end":{"line":15,"column":3}},"type":"if","locations":[{"start":{"line":13,"column":2},"end":{"line":15,"column":3}},{"start":{"line":13,"column":2},"end":{"line":15,"column":3}}],"line":13},"4":{"loc":{"start":{"line":21,"column":4},"end":{"line":26,"column":5}},"type":"if","locations":[{"start":{"line":21,"column":4},"end":{"line":26,"column":5}},{"start":{"line":21,"column":4},"end":{"line":26,"column":5}}],"line":21},"5":{"loc":{"start":{"line":22,"column":6},"end":{"line":24,"column":7}},"type":"if","locations":[{"start":{"line":22,"column":6},"end":{"line":24,"column":7}},{"start":{"line":22,"column":6},"end":{"line":24,"column":7}}],"line":22},"6":{"loc":{"start":{"line":27,"column":4},"end":{"line":29,"column":5}},"type":"if","locations":[{"start":{"line":27,"column":4},"end":{"line":29,"column":5}},{"start":{"line":27,"column":4},"end":{"line":29,"column":5}}],"line":27},"7":{"loc":{"start":{"line":30,"column":4},"end":{"line":32,"column":5}},"type":"if","locations":[{"start":{"line":30,"column":4},"end":{"line":32,"column":5}},{"start":{"line":30,"column":4},"end":{"line":32,"column":5}}],"line":30},"8":{"loc":{"start":{"line":33,"column":4},"end":{"line":35,"column":5}},"type":"if","locations":[{"start":{"line":33,"column":4},"end":{"line":35,"column":5}},{"start":{"line":33,"column":4},"end":{"line":35,"column":5}}],"line":33}},"s":{"0":1,"1":33,"2":12,"3":21,"4":6,"5":15,"6":0,"7":15,"8":15,"9":0,"10":3,"11":12,"12":48,"13":18,"14":9,"15":9,"16":30,"17":9,"18":21,"19":6,"20":15,"21":15,"22":0,"23":3},"f":{"0":33,"1":3,"2":12,"3":48},"b":{"0":[12,21],"1":[6,15],"2":[0,15],"3":[15,0],"4":[18,30],"5":[9,9],"6":[9,21],"7":[6,15],"8":[15,0]},"_coverageSchema":"43e27e138ebf9cfc5966b082cf9a028302ed4184","hash":"3719de36c11e3108de1b20bd2c24af72ff68bc9e"}
,"/home/anastasiya/dev/difference-calculator/src/formatters/renderTree.js": {"path":"/home/anastasiya/dev/difference-calculator/src/formatters/renderTree.js","statementMap":{"0":{"start":{"line":3,"column":17},"end":{"line":6,"column":1}},"1":{"start":{"line":4,"column":14},"end":{"line":4,"column":113}},"2":{"start":{"line":4,"column":64},"end":{"line":4,"column":105}},"3":{"start":{"line":5,"column":2},"end":{"line":5,"column":30}},"4":{"start":{"line":9,"column":16},"end":{"line":9,"column":20}},"5":{"start":{"line":10,"column":15},"end":{"line":36,"column":11}},"6":{"start":{"line":10,"column":31},"end":{"line":36,"column":11}},"7":{"start":{"line":11,"column":24},"end":{"line":11,"column":37}},"8":{"start":{"line":12,"column":4},"end":{"line":17,"column":5}},"9":{"start":{"line":13,"column":6},"end":{"line":15,"column":7}},"10":{"start":{"line":14,"column":8},"end":{"line":14,"column":135}},"11":{"start":{"line":16,"column":6},"end":{"line":16,"column":88}},"12":{"start":{"line":18,"column":4},"end":{"line":24,"column":5}},"13":{"start":{"line":19,"column":26},"end":{"line":20,"column":84}},"14":{"start":{"line":21,"column":25},"end":{"line":22,"column":82}},"15":{"start":{"line":23,"column":6},"end":{"line":23,"column":141}},"16":{"start":{"line":25,"column":4},"end":{"line":29,"column":5}},"17":{"start":{"line":26,"column":26},"end":{"line":27,"column":84}},"18":{"start":{"line":28,"column":6},"end":{"line":28,"column":82}},"19":{"start":{"line":30,"column":4},"end":{"line":34,"column":5}},"20":{"start":{"line":31,"column":25},"end":{"line":32,"column":82}},"21":{"start":{"line":33,"column":6},"end":{"line":33,"column":81}},"22":{"start":{"line":35,"column":4},"end":{"line":35,"column":15}},"23":{"start":{"line":37,"column":14},"end":{"line":37,"column":26}},"24":{"start":{"line":38,"column":2},"end":{"line":38,"column":21}}},"fnMap":{"0":{"name":"(anonymous_0)","decl":{"start":{"line":3,"column":17},"end":{"line":3,"column":18}},"loc":{"start":{"line":3,"column":34},"end":{"line":6,"column":1}},"line":3},"1":{"name":"(anonymous_1)","decl":{"start":{"line":4,"column":41},"end":{"line":4,"column":42}},"loc":{"start":{"line":4,"column":64},"end":{"line":4,"column":105}},"line":4},"2":{"name":"(anonymous_2)","decl":{"start":{"line":8,"column":15},"end":{"line":8,"column":16}},"loc":{"start":{"line":8,"column":24},"end":{"line":39,"column":1}},"line":8},"3":{"name":"(anonymous_3)","decl":{"start":{"line":10,"column":15},"end":{"line":10,"column":16}},"loc":{"start":{"line":10,"column":31},"end":{"line":36,"column":11}},"line":10},"4":{"name":"(anonymous_4)","decl":{"start":{"line":10,"column":42},"end":{"line":10,"column":43}},"loc":{"start":{"line":10,"column":58},"end":{"line":36,"column":3}},"line":10}},"branchMap":{"0":{"loc":{"start":{"line":12,"column":4},"end":{"line":17,"column":5}},"type":"if","locations":[{"start":{"line":12,"column":4},"end":{"line":17,"column":5}},{"start":{"line":12,"column":4},"end":{"line":17,"column":5}}],"line":12},"1":{"loc":{"start":{"line":13,"column":6},"end":{"line":15,"column":7}},"type":"if","locations":[{"start":{"line":13,"column":6},"end":{"line":15,"column":7}},{"start":{"line":13,"column":6},"end":{"line":15,"column":7}}],"line":13},"2":{"loc":{"start":{"line":18,"column":4},"end":{"line":24,"column":5}},"type":"if","locations":[{"start":{"line":18,"column":4},"end":{"line":24,"column":5}},{"start":{"line":18,"column":4},"end":{"line":24,"column":5}}],"line":18},"3":{"loc":{"start":{"line":19,"column":26},"end":{"line":20,"column":84}},"type":"cond-expr","locations":[{"start":{"line":20,"column":10},"end":{"line":20,"column":64}},{"start":{"line":20,"column":67},"end":{"line":20,"column":84}}],"line":19},"4":{"loc":{"start":{"line":21,"column":25},"end":{"line":22,"column":82}},"type":"cond-expr","locations":[{"start":{"line":22,"column":10},"end":{"line":22,"column":63}},{"start":{"line":22,"column":66},"end":{"line":22,"column":82}}],"line":21},"5":{"loc":{"start":{"line":25,"column":4},"end":{"line":29,"column":5}},"type":"if","locations":[{"start":{"line":25,"column":4},"end":{"line":29,"column":5}},{"start":{"line":25,"column":4},"end":{"line":29,"column":5}}],"line":25},"6":{"loc":{"start":{"line":26,"column":26},"end":{"line":27,"column":84}},"type":"cond-expr","locations":[{"start":{"line":27,"column":10},"end":{"line":27,"column":64}},{"start":{"line":27,"column":67},"end":{"line":27,"column":84}}],"line":26},"7":{"loc":{"start":{"line":30,"column":4},"end":{"line":34,"column":5}},"type":"if","locations":[{"start":{"line":30,"column":4},"end":{"line":34,"column":5}},{"start":{"line":30,"column":4},"end":{"line":34,"column":5}}],"line":30},"8":{"loc":{"start":{"line":31,"column":25},"end":{"line":32,"column":82}},"type":"cond-expr","locations":[{"start":{"line":32,"column":10},"end":{"line":32,"column":63}},{"start":{"line":32,"column":66},"end":{"line":32,"column":82}}],"line":31}},"s":{"0":1,"1":15,"2":15,"3":15,"4":3,"5":3,"6":12,"7":48,"8":48,"9":18,"10":9,"11":9,"12":30,"13":9,"14":9,"15":9,"16":21,"17":6,"18":6,"19":15,"20":15,"21":15,"22":0,"23":3,"24":3},"f":{"0":15,"1":15,"2":3,"3":12,"4":48},"b":{"0":[18,30],"1":[9,9],"2":[9,21],"3":[3,6],"4":[3,6],"5":[6,15],"6":[3,3],"7":[15,0],"8":[6,9]},"_coverageSchema":"43e27e138ebf9cfc5966b082cf9a028302ed4184","hash":"41ae3e684ab01ece795dcf80ff305b828ab0e4f0"}
}
