TN:
SF:/home/anastasiya/dev/difference-calculator/src/index.js
FN:7,(anonymous_0)
FN:9,(anonymous_1)
FN:36,(anonymous_2)
FNF:3
FNH:3
FNDA:36,(anonymous_0)
FNDA:144,(anonymous_1)
FNDA:9,(anonymous_2)
DA:7,1
DA:8,36
DA:9,36
DA:10,144
DA:11,81
DA:12,27
DA:16,54
DA:17,27
DA:21,27
DA:25,63
DA:26,18
DA:30,45
DA:37,9
DA:38,9
DA:40,9
DA:41,9
DA:43,9
DA:44,9
LF:18
LH:18
BRDA:10,0,0,81
BRDA:10,0,1,63
BRDA:10,1,0,144
BRDA:10,1,1,99
BRDA:11,2,0,27
BRDA:11,2,1,54
BRDA:11,3,0,81
BRDA:11,3,1,36
BRDA:16,4,0,27
BRDA:16,4,1,27
BRDA:25,5,0,18
BRDA:25,5,1,45
BRDA:25,6,0,63
BRDA:25,6,1,18
BRDA:36,7,0,0
BRF:15
BRH:14
end_of_record
TN:
SF:/home/anastasiya/dev/difference-calculator/src/parsers.js
FN:10,(anonymous_0)
FNF:1
FNH:1
FNDA:18,(anonymous_0)
DA:4,1
DA:10,18
LF:2
LH:2
BRF:0
BRH:0
end_of_record
TN:
SF:/home/anastasiya/dev/difference-calculator/src/formatters/index.js
FNF:0
FNH:0
LF:0
LH:0
BRF:0
BRH:0
end_of_record
TN:
SF:/home/anastasiya/dev/difference-calculator/src/formatters/renderJson.js
FN:3,(anonymous_0)
FN:5,(anonymous_1)
FN:17,(anonymous_2)
FN:18,(anonymous_3)
FN:19,(anonymous_4)
FNF:5
FNH:5
FNDA:39,(anonymous_0)
FNDA:15,(anonymous_1)
FNDA:3,(anonymous_2)
FNDA:12,(anonymous_3)
FNDA:48,(anonymous_4)
DA:3,1
DA:4,39
DA:5,15
DA:6,15
DA:8,24
DA:9,3
DA:11,21
DA:12,15
DA:14,6
DA:17,1
DA:18,3
DA:19,12
DA:20,48
DA:21,18
DA:22,9
DA:24,9
DA:26,30
DA:27,9
DA:29,21
DA:30,6
DA:32,15
DA:33,15
DA:35,0
DA:37,12
DA:39,3
LF:25
LH:24
BRDA:4,0,0,15
BRDA:4,0,1,24
BRDA:8,1,0,3
BRDA:8,1,1,21
BRDA:11,2,0,15
BRDA:11,2,1,6
BRDA:20,3,0,18
BRDA:20,3,1,30
BRDA:21,4,0,9
BRDA:21,4,1,9
BRDA:26,5,0,9
BRDA:26,5,1,21
BRDA:29,6,0,6
BRDA:29,6,1,15
BRDA:32,7,0,15
BRDA:32,7,1,0
BRF:16
BRH:15
end_of_record
TN:
SF:/home/anastasiya/dev/difference-calculator/src/formatters/renderPlain.js
FN:3,(anonymous_0)
FN:19,(anonymous_1)
FN:20,(anonymous_2)
FN:20,(anonymous_3)
FNF:4
FNH:4
FNDA:33,(anonymous_0)
FNDA:3,(anonymous_1)
FNDA:12,(anonymous_2)
FNDA:48,(anonymous_3)
DA:3,1
DA:4,33
DA:5,12
DA:7,21
DA:8,6
DA:10,15
DA:11,0
DA:13,15
DA:14,15
DA:16,0
DA:20,12
DA:21,48
DA:22,18
DA:23,9
DA:25,9
DA:27,30
DA:28,9
DA:30,21
DA:31,6
DA:33,15
DA:34,15
DA:36,0
DA:38,3
LF:23
LH:20
BRDA:4,0,0,12
BRDA:4,0,1,21
BRDA:7,1,0,6
BRDA:7,1,1,15
BRDA:10,2,0,0
BRDA:10,2,1,15
BRDA:13,3,0,15
BRDA:13,3,1,0
BRDA:21,4,0,18
BRDA:21,4,1,30
BRDA:22,5,0,9
BRDA:22,5,1,9
BRDA:27,6,0,9
BRDA:27,6,1,21
BRDA:30,7,0,6
BRDA:30,7,1,15
BRDA:33,8,0,15
BRDA:33,8,1,0
BRF:18
BRH:15
end_of_record
TN:
SF:/home/anastasiya/dev/difference-calculator/src/formatters/renderTree.js
FN:3,(anonymous_0)
FN:4,(anonymous_1)
FN:8,(anonymous_2)
FN:10,(anonymous_3)
FN:10,(anonymous_4)
FNF:5
FNH:5
FNDA:15,(anonymous_0)
FNDA:15,(anonymous_1)
FNDA:3,(anonymous_2)
FNDA:12,(anonymous_3)
FNDA:48,(anonymous_4)
DA:3,1
DA:4,15
DA:5,15
DA:9,3
DA:10,12
DA:11,48
DA:12,48
DA:13,18
DA:14,9
DA:16,9
DA:18,30
DA:19,9
DA:21,9
DA:23,9
DA:25,21
DA:26,6
DA:28,6
DA:30,15
DA:31,15
DA:33,15
DA:35,0
DA:37,3
DA:38,3
LF:23
LH:22
BRDA:12,0,0,18
BRDA:12,0,1,30
BRDA:13,1,0,9
BRDA:13,1,1,9
BRDA:18,2,0,9
BRDA:18,2,1,21
BRDA:19,3,0,3
BRDA:19,3,1,6
BRDA:21,4,0,3
BRDA:21,4,1,6
BRDA:25,5,0,6
BRDA:25,5,1,15
BRDA:26,6,0,3
BRDA:26,6,1,3
BRDA:30,7,0,15
BRDA:30,7,1,0
BRDA:31,8,0,6
BRDA:31,8,1,9
BRF:18
BRH:17
end_of_record
